<?xml version="1.0" encoding="UTF-8"?>
<!-- Generated by org.testng.reporters.JUnitXMLReporter -->
<testsuite hostname="Lenovo-PC" name="Default test" tests="3" failures="0" timestamp="21 Nov 2017 05:45:17 GMT" time="5.063" errors="0">
  <testcase name="testApiresponsecode" time="3.22" classname="com.charm.getApi"/>
  <testcase name="testApitime" time="0.73" classname="com.charm.getApi"/>
  <testcase name="testExtractDetailsusingResponse" time="1.086" classname="com.charm.getApi"/>
</testsuite> <!-- Default test -->
