<?xml version="1.0" encoding="UTF-8"?>
<!-- Generated by org.testng.reporters.JUnitXMLReporter -->
<testsuite hostname="Lenovo-PC" name="Test" tests="6" failures="0" timestamp="16 Dec 2017 11:12:17 GMT" time="121.072" errors="0">
  <testcase name="TC001" time="56.303" classname="com.charm.TC001"/>
  <testcase name="Keyword_Search" time="11.642" classname="com.charm.TC002"/>
  <testcase name="TC004" time="47.323" classname="com.charm.TC004"/>
  <testcase name="testApiresponsecode" time="2.928" classname="com.charm.getApi"/>
  <testcase name="testApitime" time="0.822" classname="com.charm.getApi"/>
  <testcase name="testExtractDetailsusingResponse" time="1.994" classname="com.charm.getApi"/>
</testsuite> <!-- Test -->
