<?xml version="1.0" encoding="UTF-8"?>
<!-- Generated by org.testng.reporters.JUnitXMLReporter -->
<testsuite hostname="Lenovo-PC" name="Test" tests="4" failures="0" timestamp="31 Oct 2017 14:55:36 GMT" time="23.325" errors="0">
  <testcase name="TC001" time="9.659" classname="com.charm.TC001"/>
  <testcase name="Keyword_Search" time="10.836" classname="com.charm.TC002"/>
  <testcase name="testApiresponsecode" time="2.385" classname="com.charm.getData"/>
  <testcase name="testApitime" time="0.39" classname="com.charm.getData"/>
</testsuite> <!-- Test -->
