<?xml version="1.0" encoding="UTF-8"?>
<testng-results skipped="0" failed="0" total="1" passed="1">
  <reporter-output>
  </reporter-output>
  <suite name="Default suite" duration-ms="10213" started-at="2017-10-28T09:47:09Z" finished-at="2017-10-28T09:47:20Z">
    <groups>
    </groups>
    <test name="Default test" duration-ms="10213" started-at="2017-10-28T09:47:09Z" finished-at="2017-10-28T09:47:20Z">
      <class name="com.charm.TC001">
        <test-method status="PASS" signature="TC001()[pri:0, instance:com.charm.TC001@5d76b067]" name="TC001" duration-ms="10162" started-at="2017-10-28T15:17:09Z" finished-at="2017-10-28T15:17:20Z">
          <reporter-output>
          </reporter-output>
        </test-method> <!-- TC001 -->
      </class> <!-- com.charm.TC001 -->
    </test> <!-- Default test -->
  </suite> <!-- Default suite -->
</testng-results>
