<?xml version="1.0" encoding="UTF-8"?>
<testng-results skipped="0" failed="0" total="6" passed="6">
  <reporter-output>
    <line>
      <![CDATA[STEP1]]>
    </line>
    <line>
      <![CDATA[STEP2]]>
    </line>
    <line>
      <![CDATA[STEP3]]>
    </line>
    <line>
      <![CDATA[STEP4]]>
    </line>
    <line>
      <![CDATA[STEP5]]>
    </line>
    <line>
      <![CDATA[STEP6]]>
    </line>
    <line>
      <![CDATA[STEP7]]>
    </line>
    <line>
      <![CDATA[STEP8]]>
    </line>
    <line>
      <![CDATA[STEP9]]>
    </line>
  </reporter-output>
  <suite name="Suite" duration-ms="53609" started-at="2017-12-09T11:24:59Z" finished-at="2017-12-09T11:25:53Z">
    <groups>
    </groups>
    <test name="Test" duration-ms="53609" started-at="2017-12-09T11:24:59Z" finished-at="2017-12-09T11:25:53Z">
      <class name="com.charm.TC001">
        <test-method status="PASS" signature="TC001()[pri:0, instance:com.charm.TC001@184f6be2]" name="TC001" duration-ms="11211" started-at="2017-12-09T16:54:59Z" finished-at="2017-12-09T16:55:11Z">
          <reporter-output>
            <line>
              <![CDATA[STEP1]]>
            </line>
            <line>
              <![CDATA[STEP2]]>
            </line>
          </reporter-output>
        </test-method> <!-- TC001 -->
      </class> <!-- com.charm.TC001 -->
      <class name="com.charm.TC002">
        <test-method status="PASS" signature="Keyword_Search()[pri:0, instance:com.charm.TC002@5a1c0542]" name="Keyword_Search" duration-ms="11584" started-at="2017-12-09T16:55:11Z" finished-at="2017-12-09T16:55:22Z">
          <reporter-output>
            <line>
              <![CDATA[STEP3]]>
            </line>
            <line>
              <![CDATA[STEP4]]>
            </line>
          </reporter-output>
        </test-method> <!-- Keyword_Search -->
      </class> <!-- com.charm.TC002 -->
      <class name="com.charm.TC004">
        <test-method status="PASS" signature="TC004()[pri:0, instance:com.charm.TC004@396f6598]" name="TC004" duration-ms="25451" started-at="2017-12-09T16:55:22Z" finished-at="2017-12-09T16:55:48Z">
          <reporter-output>
            <line>
              <![CDATA[STEP5]]>
            </line>
            <line>
              <![CDATA[STEP6]]>
            </line>
          </reporter-output>
        </test-method> <!-- TC004 -->
      </class> <!-- com.charm.TC004 -->
      <class name="com.charm.getApi">
        <test-method status="PASS" signature="testApiresponsecode()[pri:1, instance:com.charm.getApi@394e1a0f]" name="testApiresponsecode" duration-ms="2989" started-at="2017-12-09T16:55:48Z" finished-at="2017-12-09T16:55:51Z">
          <reporter-output>
            <line>
              <![CDATA[STEP7]]>
            </line>
          </reporter-output>
        </test-method> <!-- testApiresponsecode -->
        <test-method status="PASS" signature="testApitime()[pri:2, instance:com.charm.getApi@394e1a0f]" name="testApitime" duration-ms="810" started-at="2017-12-09T16:55:51Z" finished-at="2017-12-09T16:55:51Z">
          <reporter-output>
            <line>
              <![CDATA[STEP8]]>
            </line>
          </reporter-output>
        </test-method> <!-- testApitime -->
        <test-method status="PASS" signature="testExtractDetailsusingResponse()[pri:3, instance:com.charm.getApi@394e1a0f]" name="testExtractDetailsusingResponse" duration-ms="1522" started-at="2017-12-09T16:55:51Z" finished-at="2017-12-09T16:55:53Z">
          <reporter-output>
            <line>
              <![CDATA[STEP9]]>
            </line>
          </reporter-output>
        </test-method> <!-- testExtractDetailsusingResponse -->
      </class> <!-- com.charm.getApi -->
    </test> <!-- Test -->
  </suite> <!-- Suite -->
</testng-results>
